
> graph-analyser@1.0.0 typecheck
> tsc --noEmit

api/routes/admin.ts(12,32): error TS2339: Property 'getSessionMetrics' does not exist on type 'typeof SessionManager'.
api/routes/admin.ts(13,33): error TS2339: Property 'getMetrics' does not exist on type 'typeof DatabaseManager'.
api/routes/admin.ts(14,28): error TS2339: Property 'getMetrics' does not exist on type 'ErrorHandler'.
api/routes/admin.ts(20,105): error TS2339: Property 'id' does not exist on type 'Request<{}, any, any, ParsedQs, Record<string, any>>'.
api/routes/admin.ts(30,105): error TS2339: Property 'id' does not exist on type 'Request<{}, any, any, ParsedQs, Record<string, any>>'.
api/routes/admin.ts(37,18): error TS2339: Property 'clearMetrics' does not exist on type 'ErrorHandler'.
api/routes/admin.ts(40,105): error TS2339: Property 'id' does not exist on type 'Request<{}, any, any, ParsedQs, Record<string, any>>'.
api/routes/ai.ts(129,77): error TS2345: Argument of type 'Map<string, unknown>' is not assignable to parameter of type 'Map<string, string>'.
  Type 'unknown' is not assignable to type 'string'.
api/routes/documents.ts(2,20): error TS7016: Could not find a declaration file for module 'multer'. '/Users/eduardbelskih/Проекты Github/GraphProject/node_modules/multer/index.js' implicitly has an 'any' type.
  Try `npm i --save-dev @types/multer` if it exists or add a new declaration (.d.ts) file containing `declare module 'multer';`
api/routes/documents.ts(17,23): error TS2694: Namespace 'global.Express' has no exported member 'Multer'.
api/routes/documents.ts(28,16): error TS7006: Parameter 'req' implicitly has an 'any' type.
api/routes/documents.ts(28,21): error TS7006: Parameter 'file' implicitly has an 'any' type.
api/routes/documents.ts(28,27): error TS7006: Parameter 'cb' implicitly has an 'any' type.
api/routes/documents.ts(54,14): error TS2551: Property 'file' does not exist on type 'Request<{}, any, any, ParsedQs, Record<string, any>>'. Did you mean 'files'?
api/routes/documents.ts(58,52): error TS2551: Property 'file' does not exist on type 'Request<{}, any, any, ParsedQs, Record<string, any>>'. Did you mean 'files'?
api/routes/graphs.ts(43,3): error TS2322: Type 'GraphAnalyzer | undefined' is not assignable to type 'GraphAnalyzer'.
  Type 'undefined' is not assignable to type 'GraphAnalyzer'.
api/routes/graphs.ts(537,7): error TS7053: Element implicitly has an 'any' type because expression of type 'string' can't be used to index type '{}'.
  No index signature with a parameter of type 'string' was found on type '{}'.
api/routes/graphs.ts(547,9): error TS7034: Variable 'articles' implicitly has type 'any[]' in some locations where its type cannot be determined.
api/routes/graphs.ts(572,12): error TS7005: Variable 'articles' implicitly has an 'any[]' type.
api/routes/pubmed.ts(72,58): error TS2345: Argument of type '{ id: string; data: any; }[]' is not assignable to parameter of type 'GraphNode[]'.
  Property 'label' is missing in type '{ id: string; data: any; }' but required in type 'GraphNode'.
api/server-simple.ts(3,20): error TS7016: Could not find a declaration file for module 'multer'. '/Users/eduardbelskih/Проекты Github/GraphProject/node_modules/multer/index.js' implicitly has an 'any' type.
  Try `npm i --save-dev @types/multer` if it exists or add a new declaration (.d.ts) file containing `declare module 'multer';`
api/server-simple.ts(50,14): error TS2551: Property 'file' does not exist on type 'Request<{}, any, any, ParsedQs, Record<string, any>>'. Did you mean 'files'?
api/server-simple.ts(61,27): error TS2551: Property 'file' does not exist on type 'Request<{}, any, any, ParsedQs, Record<string, any>>'. Did you mean 'files'?
api/server-simple.ts(62,23): error TS2551: Property 'file' does not exist on type 'Request<{}, any, any, ParsedQs, Record<string, any>>'. Did you mean 'files'?
api/server-simple.ts(63,19): error TS2551: Property 'file' does not exist on type 'Request<{}, any, any, ParsedQs, Record<string, any>>'. Did you mean 'files'?
api/server-simple.ts(64,23): error TS2551: Property 'file' does not exist on type 'Request<{}, any, any, ParsedQs, Record<string, any>>'. Did you mean 'files'?
api/services/documentParser.ts(62,30): error TS2339: Property 'Title' does not exist on type 'string'.
shared/graphAlgorithms.ts(100,46): error TS2345: Argument of type 'string | null' is not assignable to parameter of type 'string'.
  Type 'null' is not assignable to type 'string'.
src/components/AnalyticsPanel.tsx(55,21): error TS2322: Type '{ children: Element; className: string; onClick: () => void; }' is not assignable to type 'IntrinsicAttributes & CardHeaderProps'.
  Property 'onClick' does not exist on type 'IntrinsicAttributes & CardHeaderProps'.
src/components/AnalyticsPanel.tsx(97,21): error TS2322: Type '{ children: Element; className: string; onClick: () => void; }' is not assignable to type 'IntrinsicAttributes & CardHeaderProps'.
  Property 'onClick' does not exist on type 'IntrinsicAttributes & CardHeaderProps'.
src/components/AnalyticsPanel.tsx(144,21): error TS2322: Type '{ children: Element; className: string; onClick: () => void; }' is not assignable to type 'IntrinsicAttributes & CardHeaderProps'.
  Property 'onClick' does not exist on type 'IntrinsicAttributes & CardHeaderProps'.
src/components/GraphControlPanel.tsx(101,56): error TS2345: Argument of type 'string' is not assignable to parameter of type 'AlgorithmType'.
src/components/GraphViewer.tsx(274,48): error TS18048: 'edge.weight' is possibly 'undefined'.
src/components/InputValidation.tsx(27,5): error TS2741: Property 'type' is missing in type '{ isValid: false; error: string; }' but required in type 'ValidationResult'.
src/components/InputValidation.tsx(36,9): error TS2741: Property 'type' is missing in type '{ isValid: false; error: string; }' but required in type 'ValidationResult'.
src/components/InputValidation.tsx(44,9): error TS2741: Property 'type' is missing in type '{ isValid: false; error: string; }' but required in type 'ValidationResult'.
src/components/InputValidation.tsx(49,7): error TS2741: Property 'type' is missing in type '{ isValid: true; error: null; }' but required in type 'ValidationResult'.
src/components/InputValidation.tsx(53,9): error TS2741: Property 'type' is missing in type '{ isValid: false; error: string; }' but required in type 'ValidationResult'.
src/components/InputValidation.tsx(58,7): error TS2741: Property 'type' is missing in type '{ isValid: true; error: null; }' but required in type 'ValidationResult'.
src/components/InputValidation.tsx(62,9): error TS2741: Property 'type' is missing in type '{ isValid: false; error: string; }' but required in type 'ValidationResult'.
src/components/InputValidation.tsx(67,7): error TS2741: Property 'type' is missing in type '{ isValid: true; error: null; }' but required in type 'ValidationResult'.
src/components/InputValidation.tsx(72,9): error TS2741: Property 'type' is missing in type '{ isValid: false; error: string; }' but required in type 'ValidationResult'.
src/components/InputValidation.tsx(77,7): error TS2741: Property 'type' is missing in type '{ isValid: true; error: null; }' but required in type 'ValidationResult'.
src/components/InputValidation.tsx(80,7): error TS2741: Property 'type' is missing in type '{ isValid: true; error: null; }' but required in type 'ValidationResult'.
src/components/InputValidation.tsx(131,55): error TS2345: Argument of type '{ value: string; type: "url" | "doi" | "pmid" | "bibliographic"; }' is not assignable to parameter of type '"url" | "doi" | "pmid" | "bibliographic"'.
src/components/RetryStatus.tsx(62,30): error TS18047: 'retryHandler' is possibly 'null'.
src/components/RetryStatus.tsx(64,31): error TS18047: 'retryHandler' is possibly 'null'.
src/components/RetryStatus.tsx(86,51): error TS18047: 'retryHandler' is possibly 'null'.
src/components/RetryStatus.tsx(172,51): error TS18047: 'retryHandler' is possibly 'null'.
src/components/RetryStatus.tsx(173,22): error TS18047: 'retryHandler' is possibly 'null'.
src/components/StatCard.test.tsx(1,18): error TS2305: Module '"@testing-library/react"' has no exported member 'screen'.
src/core/ErrorHandler.test.ts(7,3): error TS2614: Module '"./ErrorHandler"' has no exported member 'ConflictError'. Did you mean to use 'import ConflictError from "./ErrorHandler"' instead?
src/core/ErrorHandler.test.ts(8,3): error TS2614: Module '"./ErrorHandler"' has no exported member 'InternalError'. Did you mean to use 'import InternalError from "./ErrorHandler"' instead?
src/core/ErrorHandler.test.ts(9,3): error TS2614: Module '"./ErrorHandler"' has no exported member 'ExternalApiError'. Did you mean to use 'import ExternalApiError from "./ErrorHandler"' instead?
src/core/ErrorHandler.test.ts(11,3): error TS2614: Module '"./ErrorHandler"' has no exported member 'NetworkError'. Did you mean to use 'import NetworkError from "./ErrorHandler"' instead?
src/core/ErrorHandler.test.ts(13,3): error TS2614: Module '"./ErrorHandler"' has no exported member 'ErrorType'. Did you mean to use 'import ErrorType from "./ErrorHandler"' instead?
src/core/ErrorHandler.test.ts(25,60): error TS2554: Expected 1 arguments, but got 3.
src/core/ErrorHandler.test.ts(27,20): error TS2339: Property 'type' does not exist on type 'ValidationError'.
src/core/ErrorHandler.test.ts(36,58): error TS2554: Expected 0-1 arguments, but got 2.
src/core/ErrorHandler.test.ts(38,20): error TS2339: Property 'type' does not exist on type 'AuthenticationError'.
src/core/ErrorHandler.test.ts(44,58): error TS2554: Expected 0-1 arguments, but got 2.
src/core/ErrorHandler.test.ts(46,20): error TS2339: Property 'type' does not exist on type 'AuthorizationError'.
src/core/ErrorHandler.test.ts(54,20): error TS2339: Property 'type' does not exist on type 'NotFoundError'.
src/core/ErrorHandler.test.ts(86,20): error TS2339: Property 'type' does not exist on type 'DatabaseError'.
src/core/ErrorHandler.test.ts(100,40): error TS2554: Expected 0 arguments, but got 2.
src/core/ErrorHandler.test.ts(102,20): error TS2339: Property 'type' does not exist on type 'RateLimitError'.
src/core/ErrorHandler.test.ts(110,49): error TS2554: Expected 1 arguments, but got 4.
src/core/ErrorHandler.test.ts(111,26): error TS2339: Property 'toJSON' does not exist on type 'ValidationError'.
src/core/ErrorHandler.test.ts(149,52): error TS2554: Expected 1 arguments, but got 2.
src/core/ErrorHandler.test.ts(152,21): error TS2339: Property 'type' does not exist on type 'AppError'.
src/core/ErrorHandler.test.ts(161,21): error TS2339: Property 'type' does not exist on type 'AppError'.
src/core/ErrorHandler.test.ts(164,21): error TS2339: Property 'requestId' does not exist on type 'AppError'.
src/core/ErrorHandler.test.ts(172,49): error TS2554: Expected 1 arguments, but got 2.
src/core/ErrorHandler.test.ts(175,21): error TS2339: Property 'requestId' does not exist on type 'AppError'.
src/core/ErrorHandler.test.ts(185,56): error TS2554: Expected 1 arguments, but got 2.
src/core/ErrorHandler.test.ts(186,56): error TS2554: Expected 1 arguments, but got 2.
src/core/ErrorHandler.test.ts(188,36): error TS2339: Property 'getMetrics' does not exist on type 'ErrorHandler'.
src/core/ErrorHandler.test.ts(193,56): error TS2554: Expected 1 arguments, but got 2.
src/core/ErrorHandler.test.ts(194,60): error TS2554: Expected 0-1 arguments, but got 2.
src/core/ErrorHandler.test.ts(195,56): error TS2554: Expected 1 arguments, but got 2.
src/core/ErrorHandler.test.ts(197,36): error TS2339: Property 'getMetrics' does not exist on type 'ErrorHandler'.
src/core/ErrorHandler.test.ts(203,56): error TS2554: Expected 1 arguments, but got 2.
src/core/ErrorHandler.test.ts(204,56): error TS2554: Expected 1 arguments, but got 2.
src/core/ErrorHandler.test.ts(205,56): error TS2554: Expected 1 arguments, but got 2.
src/core/ErrorHandler.test.ts(207,36): error TS2339: Property 'getMetrics' does not exist on type 'ErrorHandler'.
src/core/ErrorHandler.test.ts(213,56): error TS2554: Expected 1 arguments, but got 2.
src/core/ErrorHandler.test.ts(214,56): error TS2554: Expected 1 arguments, but got 2.
src/core/ErrorHandler.test.ts(216,36): error TS2339: Property 'getMetrics' does not exist on type 'ErrorHandler'.
src/core/ErrorHandler.test.ts(224,61): error TS2554: Expected 1 arguments, but got 2.
src/core/ErrorHandler.test.ts(227,36): error TS2339: Property 'getMetrics' does not exist on type 'ErrorHandler'.
src/core/ErrorHandler.test.ts(232,56): error TS2554: Expected 1 arguments, but got 2.
src/core/ErrorHandler.test.ts(233,20): error TS2339: Property 'clearMetrics' does not exist on type 'ErrorHandler'.
src/core/ErrorHandler.test.ts(235,36): error TS2339: Property 'getMetrics' does not exist on type 'ErrorHandler'.
src/core/ErrorHandler.test.ts(245,49): error TS2554: Expected 1 arguments, but got 4.
src/core/ErrorHandler.test.ts(246,63): error TS2339: Property 'toJSON' does not exist on type 'ValidationError'.
src/core/integration.test.ts(26,27): error TS2322: Type '"DEBUG"' is not assignable to type 'LogLevel'.
src/core/integration.test.ts(88,24): error TS2708: Cannot use namespace 'jest' as a value.
src/core/integration.test.ts(106,24): error TS2708: Cannot use namespace 'jest' as a value.
src/core/integration.test.ts(114,37): error TS2322: Type '"ERROR"' is not assignable to type 'LogLevel | undefined'.
src/core/integration.test.ts(121,24): error TS2708: Cannot use namespace 'jest' as a value.
src/core/integration.test.ts(124,60): error TS2554: Expected 1 arguments, but got 2.
src/core/integration.test.ts(136,56): error TS2554: Expected 1 arguments, but got 2.
src/core/integration.test.ts(137,56): error TS2554: Expected 1 arguments, but got 2.
src/core/integration.test.ts(140,36): error TS2339: Property 'getMetrics' does not exist on type 'ErrorHandler'.
src/core/integration.test.ts(176,24): error TS2708: Cannot use namespace 'jest' as a value.
src/core/integration.test.ts(218,29): error TS2708: Cannot use namespace 'jest' as a value.
src/core/integration.test.ts(222,41): error TS2339: Property 'getMetrics' does not exist on type 'ErrorHandler'.
src/core/integration.test.ts(225,37): error TS2322: Type '"ERROR"' is not assignable to type 'LogLevel | undefined'.
src/core/Logger.test.ts(12,24): error TS2708: Cannot use namespace 'jest' as a value.
src/core/Logger.test.ts(27,24): error TS2708: Cannot use namespace 'jest' as a value.
src/core/Logger.test.ts(42,24): error TS2708: Cannot use namespace 'jest' as a value.
src/core/Logger.test.ts(57,24): error TS2708: Cannot use namespace 'jest' as a value.
src/core/Logger.test.ts(72,24): error TS2708: Cannot use namespace 'jest' as a value.
src/core/Logger.test.ts(90,24): error TS2708: Cannot use namespace 'jest' as a value.
src/core/Logger.test.ts(123,24): error TS2708: Cannot use namespace 'jest' as a value.
src/core/Logger.test.ts(139,25): error TS2708: Cannot use namespace 'jest' as a value.
src/core/Logger.test.ts(140,25): error TS2708: Cannot use namespace 'jest' as a value.
src/core/Logger.test.ts(152,24): error TS2708: Cannot use namespace 'jest' as a value.
src/core/Logger.test.ts(163,29): error TS2708: Cannot use namespace 'jest' as a value.
src/core/Logger.test.ts(166,31): error TS2708: Cannot use namespace 'jest' as a value.
src/core/Logger.test.ts(191,24): error TS2708: Cannot use namespace 'jest' as a value.
src/core/Logger.test.ts(211,24): error TS2708: Cannot use namespace 'jest' as a value.
src/hooks/useApi.ts(25,60): error TS2353: Object literal may only specify known properties, and 'initialDelay' does not exist in type 'Partial<RetryConfig>'.
src/hooks/useApi.ts(74,67): error TS2353: Object literal may only specify known properties, and 'initialDelay' does not exist in type 'Partial<RetryConfig>'.
src/pages/AnalysisPage.test.tsx(1,18): error TS2305: Module '"@testing-library/react"' has no exported member 'screen'.
src/pages/AnalysisPage.test.tsx(1,26): error TS2305: Module '"@testing-library/react"' has no exported member 'fireEvent'.
src/pages/AnalysisPage.test.tsx(1,37): error TS2305: Module '"@testing-library/react"' has no exported member 'waitFor'.
src/pages/ExportDataPage.tsx(46,15): error TS2322: Type 'null' is not assignable to type '{ nodes: GraphNode[]; edges: GraphEdge[]; } | undefined'.
src/pages/ExportDataPage.tsx(47,15): error TS2322: Type 'null' is not assignable to type 'Record<string, any> | undefined'.
src/pages/ExportDataPage.tsx(58,15): error TS2740: Type '{}' is missing the following properties from type 'any[]': length, pop, push, concat, and 28 more.
src/pages/ExportDataPage.tsx(89,15): error TS2322: Type 'null' is not assignable to type '{ nodes: GraphNode[]; edges: GraphEdge[]; } | undefined'.
src/pages/ExportDataPage.tsx(112,48): error TS2740: Type '{}' is missing the following properties from type 'any[]': length, pop, push, concat, and 28 more.
src/pages/HomePage.tsx(52,9): error TS2322: Type 'ArticleNode[] | null' is not assignable to type 'ArticleNode[]'.
  Type 'null' is not assignable to type 'ArticleNode[]'.
src/pages/HomePage.tsx(52,36): error TS18047: 'articles' is possibly 'null'.
src/pages/HomePage.tsx(63,9): error TS2322: Type 'ArticleEdge[] | null' is not assignable to type 'ArticleEdge[]'.
  Type 'null' is not assignable to type 'ArticleEdge[]'.
src/pages/HomePage.tsx(63,36): error TS18047: 'edges' is possibly 'null'.
src/pages/HomePage.tsx(353,16): error TS18047: 'patterns' is possibly 'null'.
src/services/exportService.ts(157,83): error TS2353: Object literal may only specify known properties, and 'bold' does not exist in type 'IParagraphOptions'.
src/services/exportService.ts(158,84): error TS2353: Object literal may only specify known properties, and 'bold' does not exist in type 'IParagraphOptions'.
src/services/exportService.ts(159,90): error TS2353: Object literal may only specify known properties, and 'bold' does not exist in type 'IParagraphOptions'.
src/services/exportService.ts(160,85): error TS2353: Object literal may only specify known properties, and 'bold' does not exist in type 'IParagraphOptions'.
src/services/exportService.ts(161,89): error TS2353: Object literal may only specify known properties, and 'bold' does not exist in type 'IParagraphOptions'.
src/services/exportService.ts(194,90): error TS2353: Object literal may only specify known properties, and 'bold' does not exist in type 'IParagraphOptions'.
src/services/exportService.ts(195,86): error TS2353: Object literal may only specify known properties, and 'bold' does not exist in type 'IParagraphOptions'.
src/services/exportService.ts(196,85): error TS2353: Object literal may only specify known properties, and 'bold' does not exist in type 'IParagraphOptions'.
src/services/exportService.ts(216,21): error TS2353: Object literal may only specify known properties, and 'italics' does not exist in type 'IParagraphOptions'.
src/services/externalApi.ts(61,26): error TS2353: Object literal may only specify known properties, and 'initialDelay' does not exist in type 'Partial<RetryConfig>'.
src/services/externalApi.ts(85,26): error TS2353: Object literal may only specify known properties, and 'initialDelay' does not exist in type 'Partial<RetryConfig>'.
src/services/externalApi.ts(106,26): error TS2353: Object literal may only specify known properties, and 'initialDelay' does not exist in type 'Partial<RetryConfig>'.
src/services/externalApi.ts(118,26): error TS2353: Object literal may only specify known properties, and 'initialDelay' does not exist in type 'Partial<RetryConfig>'.
src/services/externalApi.ts(142,26): error TS2353: Object literal may only specify known properties, and 'initialDelay' does not exist in type 'Partial<RetryConfig>'.
src/services/externalApi.ts(166,26): error TS2353: Object literal may only specify known properties, and 'initialDelay' does not exist in type 'Partial<RetryConfig>'.
src/utils/errorHandler.ts(44,26): error TS2693: 'AppError' only refers to a type, but is being used as a value here.
src/utils/errorHandler.ts(45,7): error TS2322: Type 'unknown' is not assignable to type 'AppError'.
src/utils/fileParser.ts(59,9): error TS18048: 'article.citations' is possibly 'undefined'.
src/utils/fileParser.ts(243,18): error TS18048: 'article.citations' is possibly 'undefined'.
src/utils/fileParser.ts(256,5): error TS2322: Type '{ id: string; data: { label: string; title: string; authors: string[]; year: number; citations: number; }; }[]' is not assignable to type 'GraphNode[]'.
  Property 'label' is missing in type '{ id: string; data: { label: string; title: string; authors: string[]; year: number; citations: number; }; }' but required in type 'GraphNode'.
src/utils/retryHandler.ts(36,7): error TS2783: 'maxRetries' is specified more than once, so this usage will be overwritten.
src/utils/retryHandler.ts(37,7): error TS2783: 'retryDelay' is specified more than once, so this usage will be overwritten.
src/utils/retryHandler.ts(109,72): error TS1016: A required parameter cannot follow an optional parameter.
src/utils/retryHandler.ts(272,38): error TS2345: Argument of type 'Partial<RetryConfig>' is not assignable to parameter of type 'RetryConfig'.
  Types of property 'maxRetries' are incompatible.
    Type 'number | undefined' is not assignable to type 'number'.
      Type 'undefined' is not assignable to type 'number'.
